<?xml version="1.0" encoding="UTF-8"?>
<!-- Generated by org.testng.reporters.JUnitXMLReporter -->
<testsuite ignored="1" hostname="DESKTOP-80G0JOB" failures="0" tests="1" name="Default test" time="0.073" errors="0" timestamp="2024-11-10T16:06:14 IST">
  <testcase classname="JavaPractice.JavaPractice.RevreseString" name="RevreseString1" time="0.016"/>
  <testcase classname="JavaPractice.JavaPractice.RevreseString" name="RevreseString" time="0.0">
    <ignored/>
  </testcase> <!-- RevreseString -->
</testsuite> <!-- Default test -->
