<?xml version="1.0" encoding="UTF-8"?>
<testng-results ignored="1" total="2" passed="1" failed="0" skipped="0">
  <reporter-output>
  </reporter-output>
  <suite started-at="2024-11-10T16:06:14 IST" name="Default suite" finished-at="2024-11-10T16:06:14 IST" duration-ms="73">
    <groups>
    </groups>
    <test started-at="2024-11-10T16:06:14 IST" name="Default test" finished-at="2024-11-10T16:06:14 IST" duration-ms="73">
      <class name="JavaPractice.JavaPractice.RevreseString">
        <test-method signature="RevreseString1()[pri:0, instance:JavaPractice.JavaPractice.RevreseString@793be5ca]" started-at="2024-11-10T16:06:14 IST" name="RevreseString1" finished-at="2024-11-10T16:06:14 IST" duration-ms="16" status="PASS">
          <reporter-output>
          </reporter-output>
        </test-method> <!-- RevreseString1 -->
      </class> <!-- JavaPractice.JavaPractice.RevreseString -->
    </test> <!-- Default test -->
  </suite> <!-- Default suite -->
</testng-results>
